2020-08-21T02:37:54+00:00 CRITICAL Uncaught Error: Call to a member function get_available_languages() on null in /opt/lampp/htdocs/wordpress/wp-content/plugins/fusion-builder/inc/lib/inc/fusion-app/class-fusion-app.php:549
Stack trace:
#0 /opt/lampp/htdocs/wordpress/wp-content/plugins/fusion-builder/inc/lib/inc/fusion-app/class-fusion-app.php(510): Fusion_App->add_multilingual_data(Array)
#1 /opt/lampp/htdocs/wordpress/wp-includes/class-wp-hook.php(287): Fusion_App->preview_data('')
#2 /opt/lampp/htdocs/wordpress/wp-includes/class-wp-hook.php(311): WP_Hook->apply_filters(NULL, Array)
#3 /opt/lampp/htdocs/wordpress/wp-includes/plugin.php(478): WP_Hook->do_action(Array)
#4 /opt/lampp/htdocs/wordpress/wp-includes/general-template.php(2900): do_action('wp_footer')
#5 /opt/lampp/htdocs/wordpress/wp-content/themes/flatsome/footer.php(21): wp_footer()
#6 /opt/lampp/htdocs/wordpress/wp-includes/template.php(723): require_once('/opt/lampp/htdo...')
#7 /opt/lampp/htdocs/wordpress/wp-includes/template.php(672): load_template('/opt/lampp/htdo...', true)
 in /opt/lampp/htdocs/wordpress/wp-content/plugins/fusion-builder/inc/lib/inc/fusion-app/class-fusion-app.php on line 549

2020-08-21T02:38:25+00:00 CRITICAL Uncaught Error: Call to a member function get_available_languages() on null in /opt/lampp/htdocs/wordpress/wp-content/plugins/fusion-builder/inc/lib/inc/fusion-app/class-fusion-app.php:549
Stack trace:
#0 /opt/lampp/htdocs/wordpress/wp-content/plugins/fusion-builder/inc/lib/inc/fusion-app/class-fusion-app.php(510): Fusion_App->add_multilingual_data(Array)
#1 /opt/lampp/htdocs/wordpress/wp-includes/class-wp-hook.php(287): Fusion_App->preview_data('')
#2 /opt/lampp/htdocs/wordpress/wp-includes/class-wp-hook.php(311): WP_Hook->apply_filters(NULL, Array)
#3 /opt/lampp/htdocs/wordpress/wp-includes/plugin.php(478): WP_Hook->do_action(Array)
#4 /opt/lampp/htdocs/wordpress/wp-includes/general-template.php(2900): do_action('wp_footer')
#5 /opt/lampp/htdocs/wordpress/wp-content/themes/flatsome/footer.php(21): wp_footer()
#6 /opt/lampp/htdocs/wordpress/wp-includes/template.php(723): require_once('/opt/lampp/htdo...')
#7 /opt/lampp/htdocs/wordpress/wp-includes/template.php(672): load_template('/opt/lampp/htdo...', true)
 in /opt/lampp/htdocs/wordpress/wp-content/plugins/fusion-builder/inc/lib/inc/fusion-app/class-fusion-app.php on line 549

